b6bd91eb-e71a-4f8f-9fc2-0e283d6fcb93,813
ac121aa8-b5e9-4d47-aaeb-6b16742f0edc,816
ae79a82a-8080-4f0d-b64f-8c62a9520499,628
13f9b80d-6295-40e6-a5f4-992d98d55cf9,647
71b02f6b-a732-41f6-8c6e-251c9cd55ab2,602
166ba503-fbf6-4b89-bbb1-3428288d3af5,622
a8238efa-ff4c-43bf-923e-e0b3386bcb8d,982
bfa55086-419e-4562-8873-b590d6652266,588
7aac6735-afb7-4506-9a0e-b3c40458a56d,850
bf6161e0-ee4f-4467-abab-7bfc3899b20b,886
78760e07-1a70-4958-81e3-72f0f9c8d39e,607
10a97ad0-fc72-44a4-ada5-5ec15742e998,868
5f0b7d56-43fd-4942-84f6-616e5740ed1f,833
556322eb-b5b5-42fa-9c13-4d5b4f91e827,834
65fe8005-0537-4b65-86ca-501849ed5bf9,922
f56d7120-db92-42b0-a290-566bbe4691a9,869
df6dba76-e39c-422c-9c41-44648c581d0c,652
721dfe65-b2b2-4552-8519-efca030e5410,882
d74cefa8-f21c-4124-b82e-3c8298c3c66f,638
32663cf3-474b-4621-bfc5-011d596055a0,860
b923dff6-7862-42ee-aae0-383ac10517ef,816
e7b454e4-7030-4abc-9567-60eeed7ad28a,595
8339a608-97e6-435c-88d8-c0bf9d37f11e,621
3bc7e629-9bb2-4ba8-9669-22192aeec64c,707
9329d60e-9e0f-49a2-90c2-bf3571c5d8fb,979
dc48e95d-5290-45b2-9697-8ba9c43643ab,577
9b7fb83f-e170-4912-a544-41318ab76fd3,807
ff216762-7624-4efe-a91a-51bd910c3b74,589
1a0df786-9c36-413b-ba19-937975a64a2f,850
a3e5c78d-29f4-4b17-b98a-fb4e2d8850f8,841
cb40816d-939e-42f4-9294-9e227d88690b,592
3a57cb35-3851-4930-aaab-5368c6a5ce28,841
14c6bbe8-7106-4433-afae-d4f8ec9b7d4c,828
9bd70b7f-4ea6-4719-98c0-37930ac98403,870
27739f3d-7876-4a16-988b-1304ddfe7a4e,695
58a0795f-6226-4bcc-9b98-6fae0a7cce2a,501
008b137b-49f1-4ba8-b084-944140680a28,942
83466892-688d-403e-86c8-1ea2cd92569d,901
3d291225-2c8f-4f84-9a03-59b2d8fdc91f,926
991afa61-bcd3-4010-af00-76cbff46c9d9,621
7bf83c76-f206-478c-9dd9-cd11731e8059,891
75f50760-3d63-4d79-8cf9-9f346d41ac62,710
6cfe23c0-b53f-470a-8bdc-23b057733f00,904
053014d3-d6e6-4e52-a5ae-5080a600338e,863
2edf041e-e927-4c6a-bfd3-3fd771fe2d5c,865
e0dd8db4-f891-4727-b6b7-b50c0de4960d,929
43d4c51c-65ce-400f-8bb0-d566b2baed76,961
5655ae0a-4454-4630-be37-37973c8093f9,810
f408e4f9-9cdc-4b2a-a8e5-d87656b2f850,867
08583b65-e7c5-4f48-9478-043015373e94,880
9a6db36a-8305-43f9-aa58-eb25f27b9c80,907
4feeaf1f-2513-4339-8d4a-7fc13dfe3e98,554
92799012-9352-46ea-80ef-9d6bbfbe6e4f,871
e671fb24-5ea3-4c40-b70e-7a0c0f64cfb2,910
5adb8c56-5962-4161-b4ad-98bcf53be56a,903
9e3a10e9-3f53-4cd0-bf21-274715d32023,839
d89abac0-da54-44ec-9642-632cd80f040f,980
8cd5ab2f-d076-405f-97f6-2a65cebb4c50,880
9daa78ba-56f6-4bd5-8cd1-f484463d8acd,566
a5202970-467c-4eb1-a52f-12b107b0ca04,610
3e25d9c9-e9d3-42a1-9af5-5527f4684574,903
81dba5c3-8794-45e4-a658-64cdbf62a23c,659
7c6c7248-23a0-4da4-b7d4-871407f1abdd,885
a32e035a-dbf0-4058-8257-ea78d2fe4ef0,597
59331ab5-8c8c-45f5-b2a4-46c4f1bca6fe,692
f759937a-3b47-46b9-adf1-870101580145,913
a25faec8-0a8b-466d-8ee4-c96b23445c35,830
044931d5-6d3b-45fe-9407-8399c093b520,653
cbcec12a-f9ad-4b7e-8821-557ebd6a5ea4,626
b801f333-0227-482e-ae6f-fa6700780329,642
7f7af81a-8a39-4517-8dc5-923745e70716,525
5716dbeb-8c55-4aeb-b352-deea9439be1a,873
f4c5b936-5fde-41cd-8628-2b3d0b9c7e76,860
aab6cf70-f298-4d96-9dde-934ffc5122ac,813
f1af01f1-dc6d-4f8b-a4b3-8c7451ff9beb,616
9d8fa753-c5f1-4679-afbf-74bf370bb3c4,880
f548bd9f-7496-448c-9709-f72a83a7af8b,640
f3af7b0d-8f16-44d4-904c-8372c24ce4ac,894
3f0e7a5c-4bd6-4f73-9779-06398e8ab81d,858
a2e43593-1026-41f6-b92e-1b3040a5261f,646
32701d63-32e4-464d-8ed4-83d01bd01a64,861
908e54a1-70e1-4e11-bd69-033d00b4e1dc,865
40809924-f423-4382-874e-2870e11cb5a8,813
8ec83257-3a4f-445a-95e4-ce59893920cb,970
25cd632a-9870-48e6-96cb-2d7c36cd03f8,830
deff8f3a-1458-4ee1-a0d5-af84654d17ea,606
785c20ff-f440-4414-98e7-6f46c3445511,947
5caa9b13-1eda-4fd9-899f-12cc51759306,870
fb4f7def-b401-4a0f-a827-9f694dffcfd6,673
035ee9e6-d4ef-4381-95c8-b12428059652,802
5f3eeb2a-8acc-48d4-ad02-44ab9002db2a,1006
765e029c-ca03-4627-a37d-ed9cad472171,892
af9db633-d54e-4dcd-8a86-0f8d96c01dba,808
7bb9fb3e-a4e4-47ac-a533-9c71e39fe43d,878
c4f5aaaf-dfd7-46e2-9be8-5c051b564c0d,931
8818cea4-e4b7-43b6-a684-bd8b3e838fb5,746
d8ad195d-c16d-47f2-8114-a948ac8c5d63,982
725ad964-bdd8-485b-a487-4d5c7fe549be,729
cc401862-92a1-4d00-a768-c695874b122b,843
52b169f5-b96d-4541-968b-e503024ec675,854
f789704e-d882-47bb-b963-a3f2ba83185b,1005
419bf1ac-8457-48e7-956d-67a8096e51a2,999
0ac7af7c-dc94-42ae-815e-2df35055e8b1,768
10280384-ac9c-481d-b87a-a61c71fdf3ab,881
768bde64-b13d-4fbc-aedd-c8123b73d0f8,879
6d3c183c-341c-448d-8285-232d72e05166,951
93db6549-7b22-474f-9ff2-bb688a7f72e7,542
3930ace6-4602-48bd-8c3c-f7fdf56f43eb,605
168cfd8f-5227-47ed-8694-f6495213456f,614
a0a7c8cb-0a3a-4f80-bf23-6e4b7dc0fe6e,857
ea9cc216-a106-429d-8505-3e1692403364,619
95924f9a-bbb2-49d5-9b00-4044c7b27107,884
4b4121a2-749b-4b78-8f3d-c25973f61250,776
9191fbad-9af2-440d-b316-fb4d8eafb48b,626
4eeaf2ce-93e0-47cb-89ab-88cd77ecf97c,617
d1633df8-a6b7-41fa-86a0-09d4d67e5206,862
a042b0a7-37f3-4dc8-af08-33aff2c6776c,624
0f258d0e-2cac-4f99-b66c-d6032a98be2b,572
eeee35c5-444d-4eff-9aab-d3f0f5650cf7,672
6b951da8-e4e5-48a2-b0c0-7dc640ec9e35,855
150f1ade-e407-459c-9a7b-7dd4b143a734,650
640b7a8b-d7af-4f6e-ad87-3f5094c6ac0e,953
eeba7813-1d4f-4859-a021-dd176b770a49,889
566a4924-0d6d-460a-a749-770cf60361c6,649
798a5e97-370e-46a3-9186-8611d9044cc2,832
94685848-954c-4f44-b6e3-798bcd1fb1e0,654
6147e258-16aa-4603-b317-baec907bc930,926
2f7d6c38-826d-4a53-b202-dea7ff40c6c5,823
03a4c2d7-8b90-4569-9229-3b2dc1b2ed50,720
75a15f80-656d-4647-8ccc-f00a09d9cfda,901
c71f63ff-8929-4a7c-b798-faa7c9da96a3,688
4082a33c-c778-474d-ab7a-b11ab7646599,925
b5b2ea6c-d85f-4290-b40e-715f8fe76141,865
5e39ea8f-6e50-4fec-a2e3-b79fd07277af,845
388d8da8-866e-4970-8a29-ea6f4637ae83,861
4d2eab0e-3ceb-4f75-8e14-3ed8353fa812,713
3c9559ae-68f1-433b-ae85-4f1480638ef4,946
bbd4ff49-efda-4c88-b547-0b0161f1750e,864
1142a513-e0e7-42cf-aa98-9d1446691de6,535
b5dd7209-c5c4-45d8-8412-6720c4ff164b,873
c113953a-4fd8-4749-8c3f-9d3977589a95,728
eac02033-df65-42fd-8d5f-468ff3a9da26,877
ca3fec44-d449-4114-9f95-582232e145ed,612
84f9fe2e-319b-41c2-a04a-45947fc2accd,591
cb7e07e6-5901-4e68-b9ad-54ffc07b8700,835
bb3e6bed-7b41-469e-811d-e1d9de48ac1d,658
a8a52f4c-4458-416b-90f4-bc4af5b1c9bb,840
32ddc62d-a6b9-4fe8-b15e-1eb82534b040,945
8a76906b-5439-43ff-9e3d-94dbb12224fc,946
59b76ed5-0c66-4002-83f4-601e486bb0d4,857
bf84d76a-7d72-4220-bbbb-36e770cc4329,867
4140b772-8026-4dc6-a7d4-84ff5cc0ae08,783
dab37df3-e46c-412f-8949-3e74b95ca809,718
cc8b9f2b-e1b5-412c-9636-dc11f5b7d156,936
b1dba46e-9296-46d5-8ece-4a38ab99f275,864
1269a6ad-c754-47ba-837d-d8bf2a487581,677
c9961101-19c4-406e-a7be-6a95d77b046b,848
9256cd37-d577-4dcd-985b-594f80a8ffb3,797
32812bbd-a929-4e34-ad4b-0a45c0c6277d,886
491fecae-eaed-4c8c-bd11-c1e8f99c419a,853
a6e34d47-2b93-45ad-b6fc-9e353b1bb1e6,908
3ed770ac-226b-494e-95e8-b769fe417d4b,780
1d92fe51-8d08-45f3-a6ec-8641f241c52a,837
fea7f13d-ad6d-4fca-80e0-c65f6f81139e,650
efa3f0e4-a0c8-4362-88fd-06f50985bb5a,727
4ac6894a-80ee-4012-8075-2615323a06b0,663
0f9a4a8e-6cfd-4d96-8f07-0ee6117b3bc4,888
6083fef5-e7dc-4072-af0b-2863a2a0c8ab,627
4b4e3282-b52f-48d0-a6d2-9cc881857903,923
4bc15e1d-bd53-4c7f-85e3-c99977802be2,763
2b5ebe5c-8a46-4f8e-9b1f-2084a3bd349e,866
292eeb0e-6879-4a0a-9157-86503d15e321,604
79c997f4-eb6b-408c-b0c6-3ed245d3d0ef,619
6b83080b-92bc-48a1-89ad-e20e7642a571,873
415f4877-de96-4562-a177-1475e3e9abe7,668
88499a62-03a5-4abe-9a5c-0ccef72cded1,848
735bd32f-2f97-412d-8de6-eb88c946a11a,796
fd1dd552-080f-4551-9040-d82f088b87cb,715
658ec1f6-7f7b-47a2-8ceb-a3e429a1354b,598
74442297-38fb-47ce-8473-9ac85b1e810f,597