a3fc348c-ffff-4590-abc7-ac57e0d36f44,845
9089416a-aea9-45e3-87fd-fae9d18750e3,468
f2301b53-227c-4384-b45a-4b0e2ed9cd23,811
02d36d00-983f-4f94-b237-a4a066bef221,915
28b58084-ff90-42c0-aa79-3122d7e2d710,604
33384833-a9e5-454c-85c2-1860028ba86b,797
0d3bf26d-d5b2-45af-b45e-49357c22f0e0,444
a30847c2-c545-4e1b-9753-39b589f51212,772
71433804-5323-41ee-81cb-bd4d0b86f029,639
bcaa48b7-b56b-4357-9069-15f95866d90b,650
a04d76d3-38fd-4031-992d-16f33db392bf,943
a54e5a60-c6f1-4bc5-beba-9c9e5a354f5e,857
42ae6fdd-5a8e-46a0-b426-0cfdcb65d4dd,583
b18c1cd7-caea-46eb-ac80-fffa257cdaa9,580
138a7590-a541-418f-aeb7-4f0419db2681,881
f13a494d-1f3b-4895-bd1c-e170862d5543,816
f07b23b5-75e4-4154-84e3-281f84063a42,938
41c6f0f8-70fe-4886-adc9-30467372e92f,5235
6c8cbc72-f731-4c99-9ccc-b872e2d2a1b8,914
988a3934-6b40-4ca8-8287-88f496260f25,767
91d6a32b-48b1-448e-95f6-f0db75663556,568
f6648749-5c42-4ef7-9d0c-631506d74542,601
fac2c5ee-9aec-4fc6-99a3-f0be6c4339e6,841
c8b8ad4d-5fd4-4ec9-a97f-d633de4dc8fd,627
50e75347-4d7e-41e5-9b5b-28d4f8bb9c37,921
ca15cc32-3d4f-46e9-8f1c-8b7d70a76efb,892
eb74abbf-2a60-4e86-bad3-bf303ac67b46,717
6872ef6d-b53b-488d-8908-49407677336f,875
596e85bb-e31a-4e80-bde7-a2668bf58b8f,834
74ff92e9-a14a-439d-935b-9b2433d8ed7e,862
18cad188-cb4c-46bc-9e65-99496eb7b73d,601
6cc5c404-661b-48a6-a235-5079ef59a011,715
aa0bba4d-f826-409e-80ad-092b1cb362ba,612
a48a7b41-abc6-4eea-b70d-b82d79959ca6,893
941e2eda-a7df-4a82-ae5e-63cab50ea61a,719
e3b2eb7a-b198-4bdb-8cb6-eedfd7bb099d,1057
1dc7e3cb-d837-43e4-be02-3110c90c34e5,666
1fd7e8ec-c936-413d-96ff-e8a55f4b1121,1365
39be9102-330c-4048-b60b-25daeba00011,814
a7f7942a-74b1-4d51-9556-81b8a8b03cdf,922
86dd2fd7-4432-47d4-aaf0-207dac0ae14a,930
9100cad3-0276-41eb-be53-51e7a5be7187,503
7c21ac14-4fd4-443d-921f-99e4ad6186c6,903
d29f3553-bb5c-4dc1-97d6-b60d9b3c9f92,831
d4e6c1af-cbb8-41a3-a5cf-fec39df5d963,755
40444684-aaec-4181-bbcb-2c841a17e2f3,603
f48a38d3-0d89-4ce0-a41f-05af07f5c6d8,626
d04005ab-ef57-4c08-abd9-7adc5284671d,628
2712072a-04ce-474f-b1af-9b7ec26deabe,838
126649be-ff24-4593-80ea-303d500de043,826
fb883490-c08b-4ca6-b76b-ed0ffeac89d9,647
14104091-4acd-4744-9b34-3c22387c888c,791
0b0d37be-d9a9-4f2a-8aa9-8389fc47b7f9,785
f814f6a5-6662-47af-b0a1-86f35e6f2ac9,851
e1f578f0-f78f-4024-bb8d-ce7838a86153,840
cbae5160-6036-44ed-8047-fdf05badfcdb,649
24d0319e-46a9-499a-ab19-6f9e651ca82b,801
d368f3df-459f-4e83-9f59-bcc55a415129,850
cf7cf42e-fbe2-46b7-a912-d2fc6b24be31,664
19f4171a-8957-49b7-a1d9-13c5b39923e7,688
f665a8d8-9534-4b5e-8381-26cb2fd3eb62,855
ca348dd3-57e7-4d49-a0fd-63e2ebec705f,861
8d430235-313e-4a3c-9fa5-9749a25e8ae8,499
8ee07a7f-f80d-47aa-8dcf-0655bd04e3a9,829
6b87a5d4-8acb-4c39-8345-5ac1f583156c,963
fb700f04-d923-4fd6-9623-e332b9b205f8,834
e316f3eb-9886-49a5-9bdf-c803da9fa972,862
8e26d5cb-8754-4897-9e3b-ed91bb621970,652
425fe370-a16a-4cf0-9be2-cef2b40a781c,787
6fa609e0-5de9-4445-a577-dc859c05ec66,658
53855794-8f0c-4676-9468-7ea3185fe0ef,1081
4dbdd949-d943-4047-b3fc-818c67219401,686
9164ec46-795f-48cb-8138-7962fcdffa06,679
dbcb67e9-3de6-4355-ab27-83a325dd5ebd,674
3a90038a-96f5-4af8-8e12-91d094d48007,586
e81fa2df-a048-43b9-83ce-3385463807e6,1010
787d1560-4107-427e-a41d-42187720b998,698
649833aa-5aba-4a0c-9af6-f5a4b9b9a1cc,5027
a7f7836d-8c2e-429c-8406-67a9af2bbbb5,2495
a91a980d-cdf0-4634-a4b7-0be0f9ff1d97,842
c49e76d7-50fa-42d8-99e9-2ee0a3175537,18258
4e5d8da8-73e7-47d9-8d54-49ec47055c5c,9030
8fd43c9c-73b3-46bc-896d-7f03ebc4fbc4,5697
e60ceb39-b28b-4088-b56c-c3b6c3969bd7,10830
fac39341-ab4c-44be-ba93-5485b68c8605,6618
f9edb8ad-761a-49cc-8ee9-c39622551c9d,990
4a9b1f79-dbc1-4d61-a8a7-4c444af23456,7497
2e353126-4cc4-460a-a504-7313a2740e08,638
257f286a-0b95-4894-a4f8-6f46b6933207,793
e7f50cdb-7a5c-4d48-9d86-fd522623a642,627
74b8d3ec-6291-4d35-b172-3943a00329dc,846
d9b3ee8e-087a-442d-a9be-9ab9ac25f09e,671
82887052-7ac2-451b-9969-5e88f0ea9cea,873
05b3be95-b0ed-4296-ab72-7f61a65dbb0a,862
518bf1ad-dd19-4bfc-9d4b-f59062097e9e,822
b6d10372-ec0a-482e-9b21-f246ae430731,644
7746d7f3-9028-4992-8a0e-2d81fefd8504,1001
50ad2d88-1afd-401b-87dd-c0824a5389fd,824
c06d0bd0-a880-45e2-8512-04efd6f7656d,672
c6dc4f85-e803-4cd0-8af5-59439fc8bd4b,561
e7edee99-034b-4343-a811-40b9e32db580,519
da05fccd-2690-4517-a8c8-a4b682abafff,652
b67ca1d3-d6f4-47ea-baf0-64f960b5a923,612
7b67c24b-2aaf-4743-a217-d43e28461c4e,801
1b8a519a-d55a-4c86-92ee-245a9395471f,821
cba82770-4f93-464b-b642-e0bc1c61c4a8,919
dca24e20-bb9e-418f-9ec3-853494bf5ed1,737
eb0ee8cb-7286-41c4-8521-1070d18b0b26,940
cc95ecbb-e35d-4637-8548-3af05a815bb0,744
98dd5558-d5f4-49eb-9677-fabf9781f0de,1237
db5e7159-577c-4422-b92b-5d8614c4e93e,938
262b6b97-a60f-436a-8bba-ab69910f099b,659
7e48e937-386b-4789-8491-49e2d96633be,979
7312f311-1541-45d6-b0ca-dece992b74d0,856
558069b1-fc23-43e6-98f5-60de2f374e62,710
f6106f23-32bc-456d-8841-d01b028f553d,647
3c68a6be-ad09-428a-9c0d-e669379101c9,1041
1025bb59-7c5b-4266-ac27-beb8a0f4bcb4,885
31538bd5-7160-4bf3-910e-6685208b2cfd,510
37a0ec6e-728e-4c67-ba0b-fd9d87586ccc,818
3cb9b616-d750-42b4-b8a6-63ff2d422eeb,690
de649460-9e91-43b0-b5ca-81828051720f,893
a0f18c0f-5e4a-4372-83b8-0a2d6da5cd26,888
987d1d5f-e447-4d25-aa67-4031fe14629c,937
4c8e6ba2-bf18-4e67-af22-f4d43b88bdc6,596
975b25f7-4a71-440b-92bb-0e55cd406960,622
53d324c7-2c7a-40fd-94da-f4687d5ddd2d,822
4fb1a581-07c0-44a4-9e66-3e0dc2742ef5,606
be9f92b0-3915-46f0-91f3-fc27ac614f3a,863
fd57bdf8-62bf-497e-bf5e-9e6469d76846,817
3e9d92a6-eeb7-40d4-8dd5-49c29be2619f,989
7f460943-c07a-4b8f-828d-f26255c27b34,850
83e13214-f74c-4276-b7b4-036efc37b271,811
d64bf2b7-b41e-478a-9d8d-ec17d904215d,856
f29e3478-5e61-4ae5-aa4a-19cb1750edf3,879
25633738-0456-4a41-978d-12b1721131bc,656
af094923-1ba5-4d31-86be-652a4441a047,926
5ca433b7-db94-430c-a28c-bac1562f90af,989
abc966f6-c45f-4884-b4f5-28125dddb20c,862
333df246-e436-4de5-8fbb-186ef3e84789,845
c8756e88-dcfb-487a-ac4b-68361cd17570,611
fc7e4b68-e54b-4967-8b69-136b53eb6bd6,1025
7416215e-1de2-4ebd-b403-0427a2c9f0da,480
7174e29a-0503-43c7-94da-600e59a5aef5,876
c869b484-cc47-4227-bfd7-10d3b8fa7bf0,691
3b3eb396-7479-41ee-ad00-25e8e8ac24b5,835
9d578e21-ed29-4252-b8ec-3fb78904bf94,701
c0ea7686-21f8-45fd-811b-961c48f35395,661
087f1f74-3bee-4e5c-8b5f-7e882818e54a,667
43b3ca74-e1ff-4ce1-a9c7-69c89e0f48c5,871
1f232370-bd0d-4e22-aa14-e45ce25c307d,417
d15dde07-16df-46cb-9d4f-f63a2f08f1ca,926
ad1bf0f7-319e-4997-97f7-0c3d80a33a25,651
bde9a720-d49b-4ea8-a422-948d4baa3bf2,904
7659ab7c-caf8-4710-839d-de78ff186edc,890
f81ccef2-e8bf-48ca-8f80-ac1cfae3c339,941
d911871e-5c9c-4260-b1fe-799730975008,828
433b9f07-d39f-4552-aac8-5548fea49d6d,965
d2ba9c50-7a73-410d-b2b0-44d7014edbb1,859
25cca114-fc7d-45b7-bf28-0cf271e0c164,833
2b280b50-826b-45a4-943c-829c482adeec,846
d8f648e6-3aef-4f3e-8008-85c6f81f3ee0,878
35c7f66f-608b-46c1-8250-9aa75954bade,905
71e9d303-a82c-4259-a1af-b2847adc917b,1135
5638215c-4e40-4064-9183-c04445501c92,664
77821f09-2f70-40df-81b7-b37dea53421f,925
c807ad99-dbc4-4e6a-8c19-edc41fd7a1e0,575
d41f66e4-a831-4790-8f30-38439f3e14b5,832
8f406902-40a7-4f13-b84a-3f6e4557679a,640
2cf62fd0-7c34-4e88-9ba7-9e51e2d921bc,905
75ff932e-8cfb-4899-8258-4e5788b1c88f,1094
72284c50-dcf2-46fc-9b84-18e9ff346109,920
62240a27-5af3-48dc-8711-86555a234a62,988
080c04a3-b2dc-49c1-bb3e-9574e079818c,609
92d0db31-3a88-40ad-8de8-4d4dbebb8239,939
bcced6a9-1ec8-41c0-8c88-c7238ef7e429,602
291c0996-5087-45b4-b9df-35762f575ee2,548
0112f713-5c0d-4313-8008-39edfc7c73df,510
43dd0b2f-846e-4bf4-bca6-83c6e4019ff1,857
58bd7cdf-ac33-410e-9ecc-1a1e21f1622c,972
276a655c-883e-4ab4-b3e9-47889839b41c,638
e5a099de-6527-4ca4-b2df-5c717610fc03,809
b3d981cb-0f16-4d35-938f-e46704c123dd,835
7ed74390-12e8-45e6-8338-de0ec6614697,876
c830f115-277c-45e6-8145-24ddf3130463,844
6a45cf6a-eed2-456e-8c2e-9cb2da6983f6,962
97da11fe-34af-43df-b3f9-0ed6a921f264,787
3131f870-4273-42d3-ab66-df8f7c87a1b6,851
039b0e60-e661-4591-80d2-2c9b70553d0c,930
03760b4d-4c69-4540-a0c1-bd8f4c6ff84d,972
7f149b48-dcd1-4e3e-b1c0-f093ebc84d1f,1217
88b2ed69-4429-4474-805e-c9820e85a694,934
6208611f-9d03-4aea-9f0a-e66f60c29746,847
7c09d995-a971-4c25-a070-774ada3601d2,687
3c93ede9-fd79-4bdd-aaac-aa1ea6d8ca94,783
3cacb798-d8e7-4687-8b2a-c01502005298,944
ae625d19-a17c-4154-966a-82301bd75c66,786
af506ce2-08a1-4b42-ba1c-f5fa2e497987,905
13922feb-cfeb-4cc8-9ea2-497dbddea164,514
d75251a6-7df2-4561-9e4a-198614ea0b4f,599
e4cb9a61-4358-41cd-924c-0fd8ee7d211e,591
d0b72887-904d-4851-8bba-45d0507a9854,576
cae9afc0-5475-416c-aca5-088789a308d9,583
0ec94fef-7567-4676-b7ea-039a8031e583,562
b10b80f9-81a7-4c21-8e33-905c40790a69,568
ac3aa931-b67a-443f-b649-733a677b55fa,805
73560a2e-dd89-430c-a453-e3dc95026e64,604
28e679ff-b4bc-4cd7-a2b8-1959981e1d4a,820
ca519811-1f6f-4389-ac4f-4506f313cb22,649
d51ec2e1-27a5-429d-9edf-600f2bbeba7a,788
63d225be-12a9-41f2-8243-60e6e9184ed9,615
0dfd5142-0f7a-4318-ac48-d286d38cbecd,818
9b0dcf1b-f62e-46e9-9593-bb8ca8a3383b,618
4a19e26b-aaec-4f3a-97ad-ddb98f7080fb,833
e92016b5-8892-4752-8f2b-8e392c4ab575,764
e530a039-bfa1-4a50-8e4b-6125a358eccf,607
cf1b9c1f-ffdb-4d78-bc4b-af79a0641e79,785
f47e7f76-cf80-403f-9983-504678743036,636
48bb8448-d2fe-49f4-9d18-e208fb9e75d1,588
ccfbbdb3-c55c-48e2-88f4-6930f03e3f25,863
1d5731ea-4974-4ce9-8484-826238929ec5,791
1ac49e43-291d-431a-a1b2-2f2e7bbcfeeb,784
23e3742d-13ff-40b6-a344-bd1273d41fc3,570
2a6e7b32-9f7c-4cf2-9e7d-63162335869e,556
d1901477-ae21-4ae7-aa95-299a97a8fbcb,556
9085d4be-fe6a-4ee7-aaa6-b96f91209ea4,563
8d929a70-52af-444a-af4f-d7dc940bb0df,593
15ba1676-20d7-402f-a5ba-aed9d5592829,780
745da96f-a9f0-4f1a-920e-6eec0add5e4d,638
603bc532-d07a-49ef-bc8a-a61d87c7340d,805
66fc0054-b8d6-490e-a927-5c98b4c8679c,620
6fbc4abf-8987-44c2-9d14-5cdedf2ff469,898
126315cc-99bc-4b26-93d9-16eeffa1d955,760
aaecb665-19ca-4b0f-986e-f2b422576eee,802
e6675f6f-7652-47be-ab08-c9e7121e51ef,802
019dd9a8-5d40-4f62-87e3-412825ddfb80,774
ea62f921-708c-40a5-8925-2a22c56eedfc,816
4b57a349-5b25-4382-8017-d9d0f6b67725,825
99f264d1-0aae-4498-a3c0-f91cf1296813,606
8eaddae7-dce7-4241-8515-c7b0831edad7,771
880aae1f-5880-4186-824f-44396e0ca261,488
b71a059c-2395-4c90-a16a-12d897a40db4,650
caaaaa3e-8450-47ba-b778-c45d39c4aa78,649
e8abdf51-4d1f-430d-82b1-f3ddd9d837f9,581
ab475130-26ef-40b8-9bbc-7e3f7d5a82a4,609
d812307d-94ad-4f13-93ff-a25321c075d9,774
34ab98fa-1de5-4e88-b55d-f3ef27416378,820
b7a1c81a-2a5d-4b4a-a8b3-8b08509a878c,844
7d4b8f55-1486-45b7-8409-87b1be9a7c80,600
f47306ff-5509-4f12-a3d8-c3c295a34277,539
f2b38089-7b05-4a9d-81a7-b46a04a35af8,806
f46013c8-19ca-49f0-a5b8-7a2e396850d9,768
63ade156-85fe-48fc-89a1-38059c788959,764
4dbda04e-68ea-4803-9598-3cf605349537,618
1c590f64-683f-47d0-bc12-b7362899bc64,576
34242ca2-d363-41e6-9788-a7a829d33a24,570
971d398f-3570-4d53-b586-fce59c92df3c,793
4efdeb38-fcd5-47d9-bb2a-52a28cfd4cf7,763
0347636d-0916-4932-a76e-428259d6bd57,826
5679332e-9770-45e9-b999-020c096a80b6,767
937c8947-55a2-4552-b758-739cb5a2fe4c,598
fef39d5d-cafb-4d0a-8a68-64741bc6f1b6,542
3dfbfa63-99ac-47c2-96c5-500b25914933,626
15185891-bd2d-437a-8a30-535a0477bd7e,814
52884a30-f161-403a-bb42-ab7f0d7966d8,779
748d0b4b-aff7-467e-81a1-b89f44f9039c,768
2e3471bd-cfa3-45ef-978f-fe6ae8be50b6,790
b2ef3c8e-dc61-40b1-b1a3-384a0ffbe59d,769
719a5eb5-677d-4a9b-a235-8b51771895de,540
8490d20a-54d2-4910-a20d-9ed9865e9ab1,568
46c992dc-17bb-45a3-957a-ace0f4dddce1,701
0ebf661c-3630-4b5e-8597-0a7d896dd516,590
4bf7bc57-74e4-42f3-b834-0c53cec112e6,21978
1d3f764c-e809-464d-bdc0-8a51ed47fca5,11183
6cca247e-7cfe-4f9e-8fcc-2526e090f66c,4451
e34c27d2-413c-4141-9968-926e1fafd04f,22124
66477eba-95ec-4694-abd7-8115b0a9bbce,11058
c611670c-dd91-489a-bd17-993b9892a7e7,19845
905252c4-5170-404c-ad80-9131acf959b5,22063
075b7ba9-0dba-491f-b3ab-d88d52c99910,21835
a0b1914a-13b3-4dbc-b915-b067b4356607,22047
fa8eb04b-76af-4ce2-89d1-716db9499dc4,20547
ec5c9ff0-c8d4-4b17-a5bd-db5118262d31,21262
0f307767-2e3c-45ee-9e64-4a4cc8c3bbe2,810
6cf360b1-4ed2-4ecf-9ec5-6f6b07e8c713,611
136205ba-089a-4615-aa16-77676b87cfcf,850
64de23f9-6692-4f36-8b03-2971687e43c2,781
50d89f4c-a744-4f80-aa53-648cde8b321f,609
91419565-b925-42ab-addb-3bb79a982c12,1255
a149e59e-483e-4ec2-8c6b-29c0c446a6f8,766
6d7e01e2-8a71-48dd-be17-4727158d7df0,595
24b49103-8752-4628-bca4-8f59b3faa00b,1095
cd27bda0-a495-468d-8361-29f561950f7f,549
4234f967-54c4-4cba-ba62-5ab4e7c241e0,819
ee5b4e41-e0fd-447d-a5c7-ccb7360e2e95,475
ee435ee1-5c10-46d3-902f-85426aa687d6,544
8bdd6334-3e97-492b-b8b1-2e8df1426af4,765
20e79396-bccb-42d4-bad0-9ab0b99510ef,766
7ef425d8-cfad-4b01-84f8-d7d44f58679e,777
8a59c462-d917-4eae-a124-3370cf91338a,757
54a8a852-3e8b-49ad-9dd6-4e67d16508cd,719
7386095b-1e16-47a4-861d-4c8d53b05a84,802
ac84bb12-7cbb-450a-8b97-e80e179d0047,789
3e278f64-a5ce-4c4c-b768-2733f22efeff,631
83b1a02c-e792-4d0d-b2b1-f04b39e8a35a,561
01976cd1-c459-4338-8e58-c95dbaaa740c,808
b604e945-c073-4d04-8ec2-4b0419a0fb44,780
b3517ad5-29bd-4d53-bf0c-ca9b1071eb1a,683
e89ed22c-85ea-475e-b1bf-dbcb42f5f44c,788
ae3ac89e-6d44-4302-9eba-a9a56c6f0908,1968
2747d3c9-2ec1-418d-9258-1a3e890301f7,793
2f5f96a4-0007-4e7b-b4b8-444cce0c178a,622
4b2f0963-56e7-4d0c-bedf-7f0569823941,580
2ecf5c5e-d02e-4672-bab8-5e3f99bfae6d,605