a3fc348c-ffff-4590-abc7-ac57e0d36f44,615
9089416a-aea9-45e3-87fd-fae9d18750e3,706
f2301b53-227c-4384-b45a-4b0e2ed9cd23,836
02d36d00-983f-4f94-b237-a4a066bef221,618
28b58084-ff90-42c0-aa79-3122d7e2d710,845
33384833-a9e5-454c-85c2-1860028ba86b,802
0d3bf26d-d5b2-45af-b45e-49357c22f0e0,627
a30847c2-c545-4e1b-9753-39b589f51212,775
71433804-5323-41ee-81cb-bd4d0b86f029,866
bcaa48b7-b56b-4357-9069-15f95866d90b,669
a04d76d3-38fd-4031-992d-16f33db392bf,653
a54e5a60-c6f1-4bc5-beba-9c9e5a354f5e,865
42ae6fdd-5a8e-46a0-b426-0cfdcb65d4dd,820
b18c1cd7-caea-46eb-ac80-fffa257cdaa9,868
138a7590-a541-418f-aeb7-4f0419db2681,860
f13a494d-1f3b-4895-bd1c-e170862d5543,577
f07b23b5-75e4-4154-84e3-281f84063a42,676
41c6f0f8-70fe-4886-adc9-30467372e92f,5238
6c8cbc72-f731-4c99-9ccc-b872e2d2a1b8,660
988a3934-6b40-4ca8-8287-88f496260f25,780
91d6a32b-48b1-448e-95f6-f0db75663556,574
f6648749-5c42-4ef7-9d0c-631506d74542,807
fac2c5ee-9aec-4fc6-99a3-f0be6c4339e6,538
c8b8ad4d-5fd4-4ec9-a97f-d633de4dc8fd,863
50e75347-4d7e-41e5-9b5b-28d4f8bb9c37,665
ca15cc32-3d4f-46e9-8f1c-8b7d70a76efb,960
eb74abbf-2a60-4e86-bad3-bf303ac67b46,972
6872ef6d-b53b-488d-8908-49407677336f,650
596e85bb-e31a-4e80-bde7-a2668bf58b8f,847
74ff92e9-a14a-439d-935b-9b2433d8ed7e,868
18cad188-cb4c-46bc-9e65-99496eb7b73d,602
6cc5c404-661b-48a6-a235-5079ef59a011,712
aa0bba4d-f826-409e-80ad-092b1cb362ba,898
a48a7b41-abc6-4eea-b70d-b82d79959ca6,896
941e2eda-a7df-4a82-ae5e-63cab50ea61a,989
e3b2eb7a-b198-4bdb-8cb6-eedfd7bb099d,728
1dc7e3cb-d837-43e4-be02-3110c90c34e5,617
1fd7e8ec-c936-413d-96ff-e8a55f4b1121,1641
39be9102-330c-4048-b60b-25daeba00011,825
a7f7942a-74b1-4d51-9556-81b8a8b03cdf,682
86dd2fd7-4432-47d4-aaf0-207dac0ae14a,632
9100cad3-0276-41eb-be53-51e7a5be7187,719
7c21ac14-4fd4-443d-921f-99e4ad6186c6,831
d29f3553-bb5c-4dc1-97d6-b60d9b3c9f92,843
d4e6c1af-cbb8-41a3-a5cf-fec39df5d963,762
40444684-aaec-4181-bbcb-2c841a17e2f3,860
f48a38d3-0d89-4ce0-a41f-05af07f5c6d8,864
d04005ab-ef57-4c08-abd9-7adc5284671d,858
2712072a-04ce-474f-b1af-9b7ec26deabe,842
126649be-ff24-4593-80ea-303d500de043,892
fb883490-c08b-4ca6-b76b-ed0ffeac89d9,895
14104091-4acd-4744-9b34-3c22387c888c,794
0b0d37be-d9a9-4f2a-8aa9-8389fc47b7f9,780
f814f6a5-6662-47af-b0a1-86f35e6f2ac9,588
e1f578f0-f78f-4024-bb8d-ce7838a86153,857
cbae5160-6036-44ed-8047-fdf05badfcdb,652
24d0319e-46a9-499a-ab19-6f9e651ca82b,815
d368f3df-459f-4e83-9f59-bcc55a415129,928
cf7cf42e-fbe2-46b7-a912-d2fc6b24be31,924
19f4171a-8957-49b7-a1d9-13c5b39923e7,691
f665a8d8-9534-4b5e-8381-26cb2fd3eb62,1171
ca348dd3-57e7-4d49-a0fd-63e2ebec705f,555
8d430235-313e-4a3c-9fa5-9749a25e8ae8,741
8ee07a7f-f80d-47aa-8dcf-0655bd04e3a9,1095
6b87a5d4-8acb-4c39-8345-5ac1f583156c,990
fb700f04-d923-4fd6-9623-e332b9b205f8,899
e316f3eb-9886-49a5-9bdf-c803da9fa972,866
8e26d5cb-8754-4897-9e3b-ed91bb621970,914
425fe370-a16a-4cf0-9be2-cef2b40a781c,805
6fa609e0-5de9-4445-a577-dc859c05ec66,878
53855794-8f0c-4676-9468-7ea3185fe0ef,759
4dbdd949-d943-4047-b3fc-818c67219401,647
9164ec46-795f-48cb-8138-7962fcdffa06,953
dbcb67e9-3de6-4355-ab27-83a325dd5ebd,987
3a90038a-96f5-4af8-8e12-91d094d48007,835
e81fa2df-a048-43b9-83ce-3385463807e6,685
787d1560-4107-427e-a41d-42187720b998,8440
649833aa-5aba-4a0c-9af6-f5a4b9b9a1cc,11374
a7f7836d-8c2e-429c-8406-67a9af2bbbb5,12968
a91a980d-cdf0-4634-a4b7-0be0f9ff1d97,846
c49e76d7-50fa-42d8-99e9-2ee0a3175537,17889
4e5d8da8-73e7-47d9-8d54-49ec47055c5c,20083
8fd43c9c-73b3-46bc-896d-7f03ebc4fbc4,7523
e60ceb39-b28b-4088-b56c-c3b6c3969bd7,11205
fac39341-ab4c-44be-ba93-5485b68c8605,17207
f9edb8ad-761a-49cc-8ee9-c39622551c9d,1372
4a9b1f79-dbc1-4d61-a8a7-4c444af23456,17810
2e353126-4cc4-460a-a504-7313a2740e08,11470
257f286a-0b95-4894-a4f8-6f46b6933207,497
e7f50cdb-7a5c-4d48-9d86-fd522623a642,634
74b8d3ec-6291-4d35-b172-3943a00329dc,948
d9b3ee8e-087a-442d-a9be-9ab9ac25f09e,925
82887052-7ac2-451b-9969-5e88f0ea9cea,875
05b3be95-b0ed-4296-ab72-7f61a65dbb0a,873
518bf1ad-dd19-4bfc-9d4b-f59062097e9e,751
b6d10372-ec0a-482e-9b21-f246ae430731,897
7746d7f3-9028-4992-8a0e-2d81fefd8504,709
50ad2d88-1afd-401b-87dd-c0824a5389fd,1109
c06d0bd0-a880-45e2-8512-04efd6f7656d,902
c6dc4f85-e803-4cd0-8af5-59439fc8bd4b,890
e7edee99-034b-4343-a811-40b9e32db580,758
da05fccd-2690-4517-a8c8-a4b682abafff,956
b67ca1d3-d6f4-47ea-baf0-64f960b5a923,865
7b67c24b-2aaf-4743-a217-d43e28461c4e,806
1b8a519a-d55a-4c86-92ee-245a9395471f,883
cba82770-4f93-464b-b642-e0bc1c61c4a8,598
dca24e20-bb9e-418f-9ec3-853494bf5ed1,445
eb0ee8cb-7286-41c4-8521-1070d18b0b26,637
cc95ecbb-e35d-4637-8548-3af05a815bb0,751
98dd5558-d5f4-49eb-9677-fabf9781f0de,1256
db5e7159-577c-4422-b92b-5d8614c4e93e,670
262b6b97-a60f-436a-8bba-ab69910f099b,881
7e48e937-386b-4789-8491-49e2d96633be,663
7312f311-1541-45d6-b0ca-dece992b74d0,901
558069b1-fc23-43e6-98f5-60de2f374e62,1027
f6106f23-32bc-456d-8841-d01b028f553d,693
3c68a6be-ad09-428a-9c0d-e669379101c9,715
1025bb59-7c5b-4266-ac27-beb8a0f4bcb4,931
31538bd5-7160-4bf3-910e-6685208b2cfd,766
37a0ec6e-728e-4c67-ba0b-fd9d87586ccc,541
3cb9b616-d750-42b4-b8a6-63ff2d422eeb,948
de649460-9e91-43b0-b5ca-81828051720f,617
a0f18c0f-5e4a-4372-83b8-0a2d6da5cd26,807
987d1d5f-e447-4d25-aa67-4031fe14629c,665
4c8e6ba2-bf18-4e67-af22-f4d43b88bdc6,864
975b25f7-4a71-440b-92bb-0e55cd406960,868
53d324c7-2c7a-40fd-94da-f4687d5ddd2d,563
4fb1a581-07c0-44a4-9e66-3e0dc2742ef5,896
be9f92b0-3915-46f0-91f3-fc27ac614f3a,925
fd57bdf8-62bf-497e-bf5e-9e6469d76846,821
3e9d92a6-eeb7-40d4-8dd5-49c29be2619f,677
7f460943-c07a-4b8f-828d-f26255c27b34,862
83e13214-f74c-4276-b7b4-036efc37b271,873
d64bf2b7-b41e-478a-9d8d-ec17d904215d,609
f29e3478-5e61-4ae5-aa4a-19cb1750edf3,937
25633738-0456-4a41-978d-12b1721131bc,968
af094923-1ba5-4d31-86be-652a4441a047,615
5ca433b7-db94-430c-a28c-bac1562f90af,671
abc966f6-c45f-4884-b4f5-28125dddb20c,852
333df246-e436-4de5-8fbb-186ef3e84789,836
c8756e88-dcfb-487a-ac4b-68361cd17570,868
fc7e4b68-e54b-4967-8b69-136b53eb6bd6,733
7416215e-1de2-4ebd-b403-0427a2c9f0da,724
7174e29a-0503-43c7-94da-600e59a5aef5,864
c869b484-cc47-4227-bfd7-10d3b8fa7bf0,975
3b3eb396-7479-41ee-ad00-25e8e8ac24b5,889
9d578e21-ed29-4252-b8ec-3fb78904bf94,997
c0ea7686-21f8-45fd-811b-961c48f35395,979
087f1f74-3bee-4e5c-8b5f-7e882818e54a,942
43b3ca74-e1ff-4ce1-a9c7-69c89e0f48c5,960
1f232370-bd0d-4e22-aa14-e45ce25c307d,659
d15dde07-16df-46cb-9d4f-f63a2f08f1ca,642
ad1bf0f7-319e-4997-97f7-0c3d80a33a25,903
bde9a720-d49b-4ea8-a422-948d4baa3bf2,659
7659ab7c-caf8-4710-839d-de78ff186edc,611
f81ccef2-e8bf-48ca-8f80-ac1cfae3c339,634
d911871e-5c9c-4260-b1fe-799730975008,509
433b9f07-d39f-4552-aac8-5548fea49d6d,676
d2ba9c50-7a73-410d-b2b0-44d7014edbb1,879
25cca114-fc7d-45b7-bf28-0cf271e0c164,903
2b280b50-826b-45a4-943c-829c482adeec,867
d8f648e6-3aef-4f3e-8008-85c6f81f3ee0,608
35c7f66f-608b-46c1-8250-9aa75954bade,640
71e9d303-a82c-4259-a1af-b2847adc917b,732
5638215c-4e40-4064-9183-c04445501c92,933
77821f09-2f70-40df-81b7-b37dea53421f,841
c807ad99-dbc4-4e6a-8c19-edc41fd7a1e0,828
d41f66e4-a831-4790-8f30-38439f3e14b5,888
8f406902-40a7-4f13-b84a-3f6e4557679a,934
2cf62fd0-7c34-4e88-9ba7-9e51e2d921bc,637
75ff932e-8cfb-4899-8258-4e5788b1c88f,648
72284c50-dcf2-46fc-9b84-18e9ff346109,643
62240a27-5af3-48dc-8711-86555a234a62,665
080c04a3-b2dc-49c1-bb3e-9574e079818c,868
92d0db31-3a88-40ad-8de8-4d4dbebb8239,672
bcced6a9-1ec8-41c0-8c88-c7238ef7e429,858
291c0996-5087-45b4-b9df-35762f575ee2,802
0112f713-5c0d-4313-8008-39edfc7c73df,745
43dd0b2f-846e-4bf4-bca6-83c6e4019ff1,871
58bd7cdf-ac33-410e-9ecc-1a1e21f1622c,662
276a655c-883e-4ab4-b3e9-47889839b41c,897
e5a099de-6527-4ca4-b2df-5c717610fc03,793
b3d981cb-0f16-4d35-938f-e46704c123dd,844
7ed74390-12e8-45e6-8338-de0ec6614697,568
c830f115-277c-45e6-8145-24ddf3130463,1163
6a45cf6a-eed2-456e-8c2e-9cb2da6983f6,675
97da11fe-34af-43df-b3f9-0ed6a921f264,771
3131f870-4273-42d3-ab66-df8f7c87a1b6,897
039b0e60-e661-4591-80d2-2c9b70553d0c,662
03760b4d-4c69-4540-a0c1-bd8f4c6ff84d,689
7f149b48-dcd1-4e3e-b1c0-f093ebc84d1f,675
88b2ed69-4429-4474-805e-c9820e85a694,652
6208611f-9d03-4aea-9f0a-e66f60c29746,585
7c09d995-a971-4c25-a070-774ada3601d2,919
3c93ede9-fd79-4bdd-aaac-aa1ea6d8ca94,490
3cacb798-d8e7-4687-8b2a-c01502005298,1027
ae625d19-a17c-4154-966a-82301bd75c66,537
af506ce2-08a1-4b42-ba1c-f5fa2e497987,627
